<?xml version="1.0" encoding="UTF-8"?>
<!-- Generated by org.testng.reporters.JUnitReportReporter -->
<testsuite skipped="0" hostname="t" name="com.maventest.Tc_01" tests="1" failures="0" timestamp="13 Oct 2018 05:16:54 GMT" time="8.732" errors="0">
  <testcase name="launchbrowser" time="8.732" classname="com.maventest.Tc_01"/>
</testsuite> <!-- com.maventest.Tc_01 -->
